Flow report for bit_serial_encoder
Thu Nov 17 19:22:53 2022
Quartus Prime Version 20.1.1 Build 720 11/11/2020 SJ Lite Edition


---------------------
; Table of Contents ;
---------------------
  1. Legal Notice
  2. Flow Summary
  3. Flow Settings
  4. Flow Non-Default Global Settings
  5. Flow Elapsed Time
  6. Flow OS Summary
  7. Flow Log
  8. Flow Messages
  9. Flow Suppressed Messages



----------------
; Legal Notice ;
----------------
Copyright (C) 2020  Intel Corporation. All rights reserved.
Your use of Intel Corporation's design tools, logic functions 
and other software and tools, and any partner logic 
functions, and any output files from any of the foregoing 
(including device programming or simulation files), and any 
associated documentation or information are expressly subject 
to the terms and conditions of the Intel Program License 
Subscription Agreement, the Intel Quartus Prime License Agreement,
the Intel FPGA IP License Agreement, or other applicable license
agreement, including, without limitation, that your use is for
the sole purpose of programming logic devices manufactured by
Intel and sold by Intel or its authorized distributors.  Please
refer to the applicable agreement for further details, at
https://fpgasoftware.intel.com/eula.



+-------------------------------------------------------------------------------+
; Flow Summary                                                                  ;
+---------------------------------+---------------------------------------------+
; Flow Status                     ; Successful - Thu Nov 17 19:22:53 2022       ;
; Quartus Prime Version           ; 20.1.1 Build 720 11/11/2020 SJ Lite Edition ;
; Revision Name                   ; bit_serial_encoder                          ;
; Top-level Entity Name           ; bit_serial_encoder                          ;
; Family                          ; Cyclone V                                   ;
; Device                          ; 5CGXFC7C7F23C8                              ;
; Timing Models                   ; Final                                       ;
; Logic utilization (in ALMs)     ; 12 / 56,480 ( < 1 % )                       ;
; Total registers                 ; 21                                          ;
; Total pins                      ; 11 / 268 ( 4 % )                            ;
; Total virtual pins              ; 0                                           ;
; Total block memory bits         ; 0 / 7,024,640 ( 0 % )                       ;
; Total DSP Blocks                ; 0 / 156 ( 0 % )                             ;
; Total HSSI RX PCSs              ; 0 / 6 ( 0 % )                               ;
; Total HSSI PMA RX Deserializers ; 0 / 6 ( 0 % )                               ;
; Total HSSI TX PCSs              ; 0 / 6 ( 0 % )                               ;
; Total HSSI PMA TX Serializers   ; 0 / 6 ( 0 % )                               ;
; Total PLLs                      ; 0 / 13 ( 0 % )                              ;
; Total DLLs                      ; 0 / 4 ( 0 % )                               ;
+---------------------------------+---------------------------------------------+


+-----------------------------------------+
; Flow Settings                           ;
+-------------------+---------------------+
; Option            ; Setting             ;
+-------------------+---------------------+
; Start date & time ; 11/17/2022 18:50:56 ;
; Main task         ; Compilation         ;
; Revision Name     ; bit_serial_encoder  ;
+-------------------+---------------------+


+-------------------------------------------------------------------------------------------------------------------------+
; Flow Non-Default Global Settings                                                                                        ;
+-------------------------------------+----------------------------------------+---------------+-------------+------------+
; Assignment Name                     ; Value                                  ; Default Value ; Entity Name ; Section Id ;
+-------------------------------------+----------------------------------------+---------------+-------------+------------+
; COMPILER_SIGNATURE_ID               ; 220812855839550.166871105616180        ; --            ; --          ; --         ;
; MAX_CORE_JUNCTION_TEMP              ; 85                                     ; --            ; --          ; --         ;
; MIN_CORE_JUNCTION_TEMP              ; 0                                      ; --            ; --          ; --         ;
; NUM_PARALLEL_PROCESSORS             ; All                                    ; --            ; --          ; --         ;
; PARTITION_COLOR                     ; -- (Not supported for targeted family) ; --            ; --          ; Top        ;
; PARTITION_FITTER_PRESERVATION_LEVEL ; -- (Not supported for targeted family) ; --            ; --          ; Top        ;
; PARTITION_NETLIST_TYPE              ; -- (Not supported for targeted family) ; --            ; --          ; Top        ;
; POWER_BOARD_THERMAL_MODEL           ; None (CONSERVATIVE)                    ; --            ; --          ; --         ;
; POWER_PRESET_COOLING_SOLUTION       ; 23 MM HEAT SINK WITH 200 LFPM AIRFLOW  ; --            ; --          ; --         ;
; PROJECT_OUTPUT_DIRECTORY            ; output_files                           ; --            ; --          ; --         ;
+-------------------------------------+----------------------------------------+---------------+-------------+------------+


+--------------------------------------------------------------------------------------------------------------------------+
; Flow Elapsed Time                                                                                                        ;
+----------------------+--------------+-------------------------+---------------------+------------------------------------+
; Module Name          ; Elapsed Time ; Average Processors Used ; Peak Virtual Memory ; Total CPU Time (on all processors) ;
+----------------------+--------------+-------------------------+---------------------+------------------------------------+
; Analysis & Synthesis ; 00:00:20     ; 1.0                     ; 4842 MB             ; 00:00:33                           ;
; Fitter               ; 00:01:09     ; 1.0                     ; 6715 MB             ; 00:01:44                           ;
; Assembler            ; 00:00:13     ; 1.0                     ; 4828 MB             ; 00:00:11                           ;
; Timing Analyzer      ; 00:00:11     ; 1.0                     ; 5188 MB             ; 00:00:10                           ;
; EDA Netlist Writer   ; 00:00:02     ; 1.0                     ; 4716 MB             ; 00:00:02                           ;
; EDA Netlist Writer   ; 00:00:01     ; 1.0                     ; 4716 MB             ; 00:00:02                           ;
; EDA Netlist Writer   ; 00:00:02     ; 1.0                     ; 4725 MB             ; 00:00:02                           ;
; EDA Netlist Writer   ; 00:00:02     ; 1.0                     ; 4716 MB             ; 00:00:02                           ;
; EDA Netlist Writer   ; 00:00:02     ; 1.0                     ; 4725 MB             ; 00:00:02                           ;
; EDA Netlist Writer   ; 00:00:02     ; 1.0                     ; 4716 MB             ; 00:00:02                           ;
; EDA Netlist Writer   ; 00:00:01     ; 1.0                     ; 4725 MB             ; 00:00:02                           ;
; EDA Netlist Writer   ; 00:00:02     ; 1.0                     ; 4715 MB             ; 00:00:02                           ;
; EDA Netlist Writer   ; 00:00:02     ; 1.0                     ; 4724 MB             ; 00:00:01                           ;
; EDA Netlist Writer   ; 00:00:02     ; 1.0                     ; 4715 MB             ; 00:00:02                           ;
; EDA Netlist Writer   ; 00:00:02     ; 1.0                     ; 4724 MB             ; 00:00:02                           ;
; EDA Netlist Writer   ; 00:00:02     ; 1.0                     ; 4716 MB             ; 00:00:02                           ;
; EDA Netlist Writer   ; 00:00:02     ; 1.0                     ; 4725 MB             ; 00:00:02                           ;
; EDA Netlist Writer   ; 00:00:02     ; 1.0                     ; 4716 MB             ; 00:00:02                           ;
; EDA Netlist Writer   ; 00:00:01     ; 1.0                     ; 4725 MB             ; 00:00:02                           ;
; EDA Netlist Writer   ; 00:00:01     ; 1.0                     ; 4716 MB             ; 00:00:02                           ;
; EDA Netlist Writer   ; 00:00:01     ; 1.0                     ; 4725 MB             ; 00:00:01                           ;
; EDA Netlist Writer   ; 00:00:02     ; 1.0                     ; 4716 MB             ; 00:00:01                           ;
; EDA Netlist Writer   ; 00:00:02     ; 1.0                     ; 4725 MB             ; 00:00:02                           ;
; EDA Netlist Writer   ; 00:00:02     ; 1.0                     ; 4716 MB             ; 00:00:02                           ;
; EDA Netlist Writer   ; 00:00:01     ; 1.0                     ; 4725 MB             ; 00:00:02                           ;
; EDA Netlist Writer   ; 00:00:01     ; 1.0                     ; 4716 MB             ; 00:00:01                           ;
; EDA Netlist Writer   ; 00:00:02     ; 1.0                     ; 4725 MB             ; 00:00:01                           ;
; EDA Netlist Writer   ; 00:00:01     ; 1.0                     ; 4716 MB             ; 00:00:02                           ;
; EDA Netlist Writer   ; 00:00:02     ; 1.0                     ; 4725 MB             ; 00:00:02                           ;
; EDA Netlist Writer   ; 00:00:02     ; 1.0                     ; 4716 MB             ; 00:00:02                           ;
; EDA Netlist Writer   ; 00:00:02     ; 1.0                     ; 4725 MB             ; 00:00:02                           ;
; EDA Netlist Writer   ; 00:00:01     ; 1.0                     ; 4716 MB             ; 00:00:02                           ;
; EDA Netlist Writer   ; 00:00:02     ; 1.0                     ; 4725 MB             ; 00:00:01                           ;
; EDA Netlist Writer   ; 00:00:02     ; 1.0                     ; 4716 MB             ; 00:00:02                           ;
; EDA Netlist Writer   ; 00:00:01     ; 1.0                     ; 4725 MB             ; 00:00:02                           ;
; EDA Netlist Writer   ; 00:00:02     ; 1.0                     ; 4716 MB             ; 00:00:02                           ;
; EDA Netlist Writer   ; 00:00:02     ; 1.0                     ; 4725 MB             ; 00:00:02                           ;
; EDA Netlist Writer   ; 00:00:01     ; 1.0                     ; 4716 MB             ; 00:00:02                           ;
; EDA Netlist Writer   ; 00:00:02     ; 1.0                     ; 4725 MB             ; 00:00:01                           ;
; EDA Netlist Writer   ; 00:00:01     ; 1.0                     ; 4716 MB             ; 00:00:02                           ;
; EDA Netlist Writer   ; 00:00:02     ; 1.0                     ; 4725 MB             ; 00:00:01                           ;
; Total                ; 00:02:55     ; --                      ; --                  ; 00:03:44                           ;
+----------------------+--------------+-------------------------+---------------------+------------------------------------+


+------------------------------------------------------------------------------------+
; Flow OS Summary                                                                    ;
+----------------------+------------------+------------+------------+----------------+
; Module Name          ; Machine Hostname ; OS Name    ; OS Version ; Processor type ;
+----------------------+------------------+------------+------------+----------------+
; Analysis & Synthesis ; DESKTOP-ANRPFRB  ; Windows 10 ; 10.0       ; x86_64         ;
; Fitter               ; DESKTOP-ANRPFRB  ; Windows 10 ; 10.0       ; x86_64         ;
; Assembler            ; DESKTOP-ANRPFRB  ; Windows 10 ; 10.0       ; x86_64         ;
; Timing Analyzer      ; DESKTOP-ANRPFRB  ; Windows 10 ; 10.0       ; x86_64         ;
; EDA Netlist Writer   ; DESKTOP-ANRPFRB  ; Windows 10 ; 10.0       ; x86_64         ;
; EDA Netlist Writer   ; DESKTOP-ANRPFRB  ; Windows 10 ; 10.0       ; x86_64         ;
; EDA Netlist Writer   ; DESKTOP-ANRPFRB  ; Windows 10 ; 10.0       ; x86_64         ;
; EDA Netlist Writer   ; DESKTOP-ANRPFRB  ; Windows 10 ; 10.0       ; x86_64         ;
; EDA Netlist Writer   ; DESKTOP-ANRPFRB  ; Windows 10 ; 10.0       ; x86_64         ;
; EDA Netlist Writer   ; DESKTOP-ANRPFRB  ; Windows 10 ; 10.0       ; x86_64         ;
; EDA Netlist Writer   ; DESKTOP-ANRPFRB  ; Windows 10 ; 10.0       ; x86_64         ;
; EDA Netlist Writer   ; DESKTOP-ANRPFRB  ; Windows 10 ; 10.0       ; x86_64         ;
; EDA Netlist Writer   ; DESKTOP-ANRPFRB  ; Windows 10 ; 10.0       ; x86_64         ;
; EDA Netlist Writer   ; DESKTOP-ANRPFRB  ; Windows 10 ; 10.0       ; x86_64         ;
; EDA Netlist Writer   ; DESKTOP-ANRPFRB  ; Windows 10 ; 10.0       ; x86_64         ;
; EDA Netlist Writer   ; DESKTOP-ANRPFRB  ; Windows 10 ; 10.0       ; x86_64         ;
; EDA Netlist Writer   ; DESKTOP-ANRPFRB  ; Windows 10 ; 10.0       ; x86_64         ;
; EDA Netlist Writer   ; DESKTOP-ANRPFRB  ; Windows 10 ; 10.0       ; x86_64         ;
; EDA Netlist Writer   ; DESKTOP-ANRPFRB  ; Windows 10 ; 10.0       ; x86_64         ;
; EDA Netlist Writer   ; DESKTOP-ANRPFRB  ; Windows 10 ; 10.0       ; x86_64         ;
; EDA Netlist Writer   ; DESKTOP-ANRPFRB  ; Windows 10 ; 10.0       ; x86_64         ;
; EDA Netlist Writer   ; DESKTOP-ANRPFRB  ; Windows 10 ; 10.0       ; x86_64         ;
; EDA Netlist Writer   ; DESKTOP-ANRPFRB  ; Windows 10 ; 10.0       ; x86_64         ;
; EDA Netlist Writer   ; DESKTOP-ANRPFRB  ; Windows 10 ; 10.0       ; x86_64         ;
; EDA Netlist Writer   ; DESKTOP-ANRPFRB  ; Windows 10 ; 10.0       ; x86_64         ;
; EDA Netlist Writer   ; DESKTOP-ANRPFRB  ; Windows 10 ; 10.0       ; x86_64         ;
; EDA Netlist Writer   ; DESKTOP-ANRPFRB  ; Windows 10 ; 10.0       ; x86_64         ;
; EDA Netlist Writer   ; DESKTOP-ANRPFRB  ; Windows 10 ; 10.0       ; x86_64         ;
; EDA Netlist Writer   ; DESKTOP-ANRPFRB  ; Windows 10 ; 10.0       ; x86_64         ;
; EDA Netlist Writer   ; DESKTOP-ANRPFRB  ; Windows 10 ; 10.0       ; x86_64         ;
; EDA Netlist Writer   ; DESKTOP-ANRPFRB  ; Windows 10 ; 10.0       ; x86_64         ;
; EDA Netlist Writer   ; DESKTOP-ANRPFRB  ; Windows 10 ; 10.0       ; x86_64         ;
; EDA Netlist Writer   ; DESKTOP-ANRPFRB  ; Windows 10 ; 10.0       ; x86_64         ;
; EDA Netlist Writer   ; DESKTOP-ANRPFRB  ; Windows 10 ; 10.0       ; x86_64         ;
; EDA Netlist Writer   ; DESKTOP-ANRPFRB  ; Windows 10 ; 10.0       ; x86_64         ;
; EDA Netlist Writer   ; DESKTOP-ANRPFRB  ; Windows 10 ; 10.0       ; x86_64         ;
; EDA Netlist Writer   ; DESKTOP-ANRPFRB  ; Windows 10 ; 10.0       ; x86_64         ;
; EDA Netlist Writer   ; DESKTOP-ANRPFRB  ; Windows 10 ; 10.0       ; x86_64         ;
; EDA Netlist Writer   ; DESKTOP-ANRPFRB  ; Windows 10 ; 10.0       ; x86_64         ;
; EDA Netlist Writer   ; DESKTOP-ANRPFRB  ; Windows 10 ; 10.0       ; x86_64         ;
; EDA Netlist Writer   ; DESKTOP-ANRPFRB  ; Windows 10 ; 10.0       ; x86_64         ;
+----------------------+------------------+------------+------------+----------------+


------------
; Flow Log ;
------------
quartus_map --read_settings_files=on --write_settings_files=off bit_serial_encoder -c bit_serial_encoder
quartus_fit --read_settings_files=off --write_settings_files=off bit_serial_encoder -c bit_serial_encoder
quartus_asm --read_settings_files=off --write_settings_files=off bit_serial_encoder -c bit_serial_encoder
quartus_sta bit_serial_encoder -c bit_serial_encoder
quartus_eda --gen_testbench --tool=modelsim_oem --format=vhdl --write_settings_files=off bit_serial_encoder -c bit_serial_encoder --vector_source=D:/Diogo/Universidade/AAD/project-1/Waveforms/encoder.vwf --testbench_file=D:/Diogo/Universidade/AAD/Hadamard_codes/bitserial_encoder/simulation/qsim/../../project-1/Waveforms/encoder.vwf.vht
quartus_eda --gen_testbench --tool=modelsim_oem --format=vhdl --write_settings_files=off bit_serial_encoder -c bit_serial_encoder --vector_source=D:/Diogo/Universidade/AAD/Hadamard_codes/bitserial_encoder/encoder.vwf --testbench_file=D:/Diogo/Universidade/AAD/Hadamard_codes/bitserial_encoder/simulation/qsim/encoder.vwf.vht
quartus_eda --write_settings_files=off --simulation=on --functional=on --flatten_buses=off --tool=modelsim_oem --format=vhdl --output_directory=D:/Diogo/Universidade/AAD/Hadamard_codes/bitserial_encoder/simulation/qsim/ bit_serial_encoder -c bit_serial_encoder
quartus_eda --gen_testbench --tool=modelsim_oem --format=vhdl --write_settings_files=off bit_serial_encoder -c bit_serial_encoder --vector_source=D:/Diogo/Universidade/AAD/Hadamard_codes/bitserial_encoder/encoder.vwf --testbench_file=D:/Diogo/Universidade/AAD/Hadamard_codes/bitserial_encoder/simulation/qsim/encoder.vwf.vht
quartus_eda --write_settings_files=off --simulation=on --functional=on --flatten_buses=off --tool=modelsim_oem --format=vhdl --output_directory=D:/Diogo/Universidade/AAD/Hadamard_codes/bitserial_encoder/simulation/qsim/ bit_serial_encoder -c bit_serial_encoder
quartus_eda --gen_testbench --tool=modelsim_oem --format=vhdl --write_settings_files=off bit_serial_encoder -c bit_serial_encoder --vector_source=D:/Diogo/Universidade/AAD/Hadamard_codes/bitserial_encoder/encoder.vwf --testbench_file=D:/Diogo/Universidade/AAD/Hadamard_codes/bitserial_encoder/simulation/qsim/encoder.vwf.vht
quartus_eda --write_settings_files=off --simulation=on --functional=on --flatten_buses=off --tool=modelsim_oem --format=vhdl --output_directory=D:/Diogo/Universidade/AAD/Hadamard_codes/bitserial_encoder/simulation/qsim/ bit_serial_encoder -c bit_serial_encoder
quartus_eda --gen_testbench --tool=modelsim_oem --format=vhdl --write_settings_files=off bit_serial_encoder -c bit_serial_encoder --vector_source=D:/Diogo/Universidade/AAD/Hadamard_codes/bitserial_encoder/encoder.vwf --testbench_file=D:/Diogo/Universidade/AAD/Hadamard_codes/bitserial_encoder/simulation/qsim/encoder.vwf.vht
quartus_eda --write_settings_files=off --simulation=on --functional=on --flatten_buses=off --tool=modelsim_oem --format=vhdl --output_directory=D:/Diogo/Universidade/AAD/Hadamard_codes/bitserial_encoder/simulation/qsim/ bit_serial_encoder -c bit_serial_encoder
quartus_eda --gen_testbench --tool=modelsim_oem --format=vhdl --write_settings_files=off bit_serial_encoder -c bit_serial_encoder --vector_source=D:/Diogo/Universidade/AAD/Hadamard_codes/bitserial_encoder/encoder.vwf --testbench_file=D:/Diogo/Universidade/AAD/Hadamard_codes/bitserial_encoder/simulation/qsim/encoder.vwf.vht
quartus_eda --write_settings_files=off --simulation=on --functional=on --flatten_buses=off --tool=modelsim_oem --format=vhdl --output_directory=D:/Diogo/Universidade/AAD/Hadamard_codes/bitserial_encoder/simulation/qsim/ bit_serial_encoder -c bit_serial_encoder
quartus_eda --gen_testbench --tool=modelsim_oem --format=vhdl --write_settings_files=off bit_serial_encoder -c bit_serial_encoder --vector_source=D:/Diogo/Universidade/AAD/Hadamard_codes/bitserial_encoder/encoder.vwf --testbench_file=D:/Diogo/Universidade/AAD/Hadamard_codes/bitserial_encoder/simulation/qsim/encoder.vwf.vht
quartus_eda --write_settings_files=off --simulation=on --functional=on --flatten_buses=off --tool=modelsim_oem --format=vhdl --output_directory=D:/Diogo/Universidade/AAD/Hadamard_codes/bitserial_encoder/simulation/qsim/ bit_serial_encoder -c bit_serial_encoder
quartus_eda --gen_testbench --tool=modelsim_oem --format=vhdl --write_settings_files=off bit_serial_encoder -c bit_serial_encoder --vector_source=D:/Diogo/Universidade/AAD/Hadamard_codes/bitserial_encoder/encoder.vwf --testbench_file=D:/Diogo/Universidade/AAD/Hadamard_codes/bitserial_encoder/simulation/qsim/encoder.vwf.vht
quartus_eda --write_settings_files=off --simulation=on --functional=on --flatten_buses=off --tool=modelsim_oem --format=vhdl --output_directory=D:/Diogo/Universidade/AAD/Hadamard_codes/bitserial_encoder/simulation/qsim/ bit_serial_encoder -c bit_serial_encoder
quartus_eda --gen_testbench --tool=modelsim_oem --format=vhdl --write_settings_files=off bit_serial_encoder -c bit_serial_encoder --vector_source=D:/Diogo/Universidade/AAD/Hadamard_codes/bitserial_encoder/encoder.vwf --testbench_file=D:/Diogo/Universidade/AAD/Hadamard_codes/bitserial_encoder/simulation/qsim/encoder.vwf.vht
quartus_eda --write_settings_files=off --simulation=on --functional=on --flatten_buses=off --tool=modelsim_oem --format=vhdl --output_directory=D:/Diogo/Universidade/AAD/Hadamard_codes/bitserial_encoder/simulation/qsim/ bit_serial_encoder -c bit_serial_encoder
quartus_eda --gen_testbench --tool=modelsim_oem --format=vhdl --write_settings_files=off bit_serial_encoder -c bit_serial_encoder --vector_source=D:/Diogo/Universidade/AAD/Hadamard_codes/bitserial_encoder/encoder.vwf --testbench_file=D:/Diogo/Universidade/AAD/Hadamard_codes/bitserial_encoder/simulation/qsim/encoder.vwf.vht
quartus_eda --write_settings_files=off --simulation=on --functional=on --flatten_buses=off --tool=modelsim_oem --format=vhdl --output_directory=D:/Diogo/Universidade/AAD/Hadamard_codes/bitserial_encoder/simulation/qsim/ bit_serial_encoder -c bit_serial_encoder
quartus_eda --gen_testbench --tool=modelsim_oem --format=vhdl --write_settings_files=off bit_serial_encoder -c bit_serial_encoder --vector_source=D:/Diogo/Universidade/AAD/Hadamard_codes/bitserial_encoder/encoder.vwf --testbench_file=D:/Diogo/Universidade/AAD/Hadamard_codes/bitserial_encoder/simulation/qsim/encoder.vwf.vht
quartus_eda --write_settings_files=off --simulation=on --functional=on --flatten_buses=off --tool=modelsim_oem --format=vhdl --output_directory=D:/Diogo/Universidade/AAD/Hadamard_codes/bitserial_encoder/simulation/qsim/ bit_serial_encoder -c bit_serial_encoder
quartus_eda --gen_testbench --tool=modelsim_oem --format=vhdl --write_settings_files=off bit_serial_encoder -c bit_serial_encoder --vector_source=D:/Diogo/Universidade/AAD/Hadamard_codes/bitserial_encoder/encoder.vwf --testbench_file=D:/Diogo/Universidade/AAD/Hadamard_codes/bitserial_encoder/simulation/qsim/encoder.vwf.vht
quartus_eda --write_settings_files=off --simulation=on --functional=on --flatten_buses=off --tool=modelsim_oem --format=vhdl --output_directory=D:/Diogo/Universidade/AAD/Hadamard_codes/bitserial_encoder/simulation/qsim/ bit_serial_encoder -c bit_serial_encoder
quartus_eda --gen_testbench --tool=modelsim_oem --format=vhdl --write_settings_files=off bit_serial_encoder -c bit_serial_encoder --vector_source=D:/Diogo/Universidade/AAD/Hadamard_codes/bitserial_encoder/encoder.vwf --testbench_file=D:/Diogo/Universidade/AAD/Hadamard_codes/bitserial_encoder/simulation/qsim/encoder.vwf.vht
quartus_eda --write_settings_files=off --simulation=on --functional=on --flatten_buses=off --tool=modelsim_oem --format=vhdl --output_directory=D:/Diogo/Universidade/AAD/Hadamard_codes/bitserial_encoder/simulation/qsim/ bit_serial_encoder -c bit_serial_encoder
quartus_eda --gen_testbench --tool=modelsim_oem --format=vhdl --write_settings_files=off bit_serial_encoder -c bit_serial_encoder --vector_source=D:/Diogo/Universidade/AAD/Hadamard_codes/bitserial_encoder/encoder.vwf --testbench_file=D:/Diogo/Universidade/AAD/Hadamard_codes/bitserial_encoder/simulation/qsim/encoder.vwf.vht
quartus_eda --write_settings_files=off --simulation=on --functional=on --flatten_buses=off --tool=modelsim_oem --format=vhdl --output_directory=D:/Diogo/Universidade/AAD/Hadamard_codes/bitserial_encoder/simulation/qsim/ bit_serial_encoder -c bit_serial_encoder
quartus_eda --gen_testbench --tool=modelsim_oem --format=vhdl --write_settings_files=off bit_serial_encoder -c bit_serial_encoder --vector_source=D:/Diogo/Universidade/AAD/Hadamard_codes/bitserial_encoder/encoder.vwf --testbench_file=D:/Diogo/Universidade/AAD/Hadamard_codes/bitserial_encoder/simulation/qsim/encoder.vwf.vht
quartus_eda --write_settings_files=off --simulation=on --functional=on --flatten_buses=off --tool=modelsim_oem --format=vhdl --output_directory=D:/Diogo/Universidade/AAD/Hadamard_codes/bitserial_encoder/simulation/qsim/ bit_serial_encoder -c bit_serial_encoder
quartus_eda --gen_testbench --tool=modelsim_oem --format=vhdl --write_settings_files=off bit_serial_encoder -c bit_serial_encoder --vector_source=D:/Diogo/Universidade/AAD/Hadamard_codes/bitserial_encoder/encoder.vwf --testbench_file=D:/Diogo/Universidade/AAD/Hadamard_codes/bitserial_encoder/simulation/qsim/encoder.vwf.vht
quartus_eda --write_settings_files=off --simulation=on --functional=on --flatten_buses=off --tool=modelsim_oem --format=vhdl --output_directory=D:/Diogo/Universidade/AAD/Hadamard_codes/bitserial_encoder/simulation/qsim/ bit_serial_encoder -c bit_serial_encoder
quartus_eda --gen_testbench --tool=modelsim_oem --format=vhdl --write_settings_files=off bit_serial_encoder -c bit_serial_encoder --vector_source=D:/Diogo/Universidade/AAD/Hadamard_codes/bitserial_encoder/encoder.vwf --testbench_file=D:/Diogo/Universidade/AAD/Hadamard_codes/bitserial_encoder/simulation/qsim/encoder.vwf.vht
quartus_eda --write_settings_files=off --simulation=on --functional=on --flatten_buses=off --tool=modelsim_oem --format=vhdl --output_directory=D:/Diogo/Universidade/AAD/Hadamard_codes/bitserial_encoder/simulation/qsim/ bit_serial_encoder -c bit_serial_encoder
quartus_eda --gen_testbench --tool=modelsim_oem --format=vhdl --write_settings_files=off bit_serial_encoder -c bit_serial_encoder --vector_source=D:/Diogo/Universidade/AAD/Hadamard_codes/bitserial_encoder/encoder.vwf --testbench_file=D:/Diogo/Universidade/AAD/Hadamard_codes/bitserial_encoder/simulation/qsim/encoder.vwf.vht
quartus_eda --write_settings_files=off --simulation=on --functional=on --flatten_buses=off --tool=modelsim_oem --format=vhdl --output_directory=D:/Diogo/Universidade/AAD/Hadamard_codes/bitserial_encoder/simulation/qsim/ bit_serial_encoder -c bit_serial_encoder
quartus_eda --gen_testbench --tool=modelsim_oem --format=vhdl --write_settings_files=off bit_serial_encoder -c bit_serial_encoder --vector_source=D:/Diogo/Universidade/AAD/Hadamard_codes/bitserial_encoder/encoder.vwf --testbench_file=D:/Diogo/Universidade/AAD/Hadamard_codes/bitserial_encoder/simulation/qsim/encoder.vwf.vht
quartus_eda --write_settings_files=off --simulation=on --functional=on --flatten_buses=off --tool=modelsim_oem --format=vhdl --output_directory=D:/Diogo/Universidade/AAD/Hadamard_codes/bitserial_encoder/simulation/qsim/ bit_serial_encoder -c bit_serial_encoder



