Analysis & Synthesis report for bit_serial_encoder
Sat Nov 12 11:28:47 2022
Quartus Prime Version 20.1.1 Build 720 11/11/2020 SJ Lite Edition


---------------------
; Table of Contents ;
---------------------
  1. Legal Notice
  2. Analysis & Synthesis Summary
  3. Analysis & Synthesis Settings
  4. Parallel Compilation
  5. Analysis & Synthesis Source Files Read
  6. Analysis & Synthesis Resource Usage Summary
  7. Analysis & Synthesis Resource Utilization by Entity
  8. General Register Statistics
  9. Port Connectivity Checks: "binCounter_3bit:bincount|flipFlopDPET:ff2"
 10. Port Connectivity Checks: "binCounter_3bit:bincount|flipFlopDPET:ff1"
 11. Port Connectivity Checks: "binCounter_3bit:bincount|flipFlopDPET:ff0"
 12. Port Connectivity Checks: "parReg_8bit:reg_par|flipFlopDPET:ff7"
 13. Port Connectivity Checks: "parReg_8bit:reg_par|flipFlopDPET:ff6"
 14. Port Connectivity Checks: "parReg_8bit:reg_par|flipFlopDPET:ff5"
 15. Port Connectivity Checks: "parReg_8bit:reg_par|flipFlopDPET:ff4"
 16. Port Connectivity Checks: "parReg_8bit:reg_par|flipFlopDPET:ff3"
 17. Port Connectivity Checks: "parReg_8bit:reg_par|flipFlopDPET:ff2"
 18. Port Connectivity Checks: "parReg_8bit:reg_par|flipFlopDPET:ff1"
 19. Port Connectivity Checks: "parReg_8bit:reg_par|flipFlopDPET:ff0"
 20. Port Connectivity Checks: "parReg_8bit:reg_par"
 21. Port Connectivity Checks: "flipFlopDPET:reg7"
 22. Port Connectivity Checks: "flipFlopDPET:reg6"
 23. Port Connectivity Checks: "flipFlopDPET:reg5"
 24. Port Connectivity Checks: "flipFlopDPET:reg4"
 25. Port Connectivity Checks: "flipFlopDPET:reg3"
 26. Port Connectivity Checks: "flipFlopDPET:reg2"
 27. Port Connectivity Checks: "flipFlopDPET:reg1"
 28. Port Connectivity Checks: "flipFlopDPET:reg0"
 29. Port Connectivity Checks: "flipFlopDPET:ff"
 30. Post-Synthesis Netlist Statistics for Top Partition
 31. Elapsed Time Per Partition
 32. Analysis & Synthesis Messages



----------------
; Legal Notice ;
----------------
Copyright (C) 2020  Intel Corporation. All rights reserved.
Your use of Intel Corporation's design tools, logic functions 
and other software and tools, and any partner logic 
functions, and any output files from any of the foregoing 
(including device programming or simulation files), and any 
associated documentation or information are expressly subject 
to the terms and conditions of the Intel Program License 
Subscription Agreement, the Intel Quartus Prime License Agreement,
the Intel FPGA IP License Agreement, or other applicable license
agreement, including, without limitation, that your use is for
the sole purpose of programming logic devices manufactured by
Intel and sold by Intel or its authorized distributors.  Please
refer to the applicable agreement for further details, at
https://fpgasoftware.intel.com/eula.



+-------------------------------------------------------------------------------+
; Analysis & Synthesis Summary                                                  ;
+---------------------------------+---------------------------------------------+
; Analysis & Synthesis Status     ; Successful - Sat Nov 12 11:28:47 2022       ;
; Quartus Prime Version           ; 20.1.1 Build 720 11/11/2020 SJ Lite Edition ;
; Revision Name                   ; bit_serial_encoder                          ;
; Top-level Entity Name           ; bit_serial_encoder                          ;
; Family                          ; Cyclone V                                   ;
; Logic utilization (in ALMs)     ; N/A                                         ;
; Total registers                 ; 0                                           ;
; Total pins                      ; 4                                           ;
; Total virtual pins              ; 0                                           ;
; Total block memory bits         ; 0                                           ;
; Total DSP Blocks                ; 0                                           ;
; Total HSSI RX PCSs              ; 0                                           ;
; Total HSSI PMA RX Deserializers ; 0                                           ;
; Total HSSI TX PCSs              ; 0                                           ;
; Total HSSI PMA TX Serializers   ; 0                                           ;
; Total PLLs                      ; 0                                           ;
; Total DLLs                      ; 0                                           ;
+---------------------------------+---------------------------------------------+


+---------------------------------------------------------------------------------------------------------------------------+
; Analysis & Synthesis Settings                                                                                             ;
+---------------------------------------------------------------------------------+--------------------+--------------------+
; Option                                                                          ; Setting            ; Default Value      ;
+---------------------------------------------------------------------------------+--------------------+--------------------+
; Device                                                                          ; 5CGXFC7C7F23C8     ;                    ;
; Top-level entity name                                                           ; bit_serial_encoder ; bit_serial_encoder ;
; Family name                                                                     ; Cyclone V          ; Cyclone V          ;
; Use smart compilation                                                           ; Off                ; Off                ;
; Enable parallel Assembler and Timing Analyzer during compilation                ; On                 ; On                 ;
; Enable compact report table                                                     ; Off                ; Off                ;
; Restructure Multiplexers                                                        ; Auto               ; Auto               ;
; MLAB Add Timing Constraints For Mixed-Port Feed-Through Mode Setting Don't Care ; Off                ; Off                ;
; Create Debugging Nodes for IP Cores                                             ; Off                ; Off                ;
; Preserve fewer node names                                                       ; On                 ; On                 ;
; Intel FPGA IP Evaluation Mode                                                   ; Enable             ; Enable             ;
; Verilog Version                                                                 ; Verilog_2001       ; Verilog_2001       ;
; VHDL Version                                                                    ; VHDL_1993          ; VHDL_1993          ;
; State Machine Processing                                                        ; Auto               ; Auto               ;
; Safe State Machine                                                              ; Off                ; Off                ;
; Extract Verilog State Machines                                                  ; On                 ; On                 ;
; Extract VHDL State Machines                                                     ; On                 ; On                 ;
; Ignore Verilog initial constructs                                               ; Off                ; Off                ;
; Iteration limit for constant Verilog loops                                      ; 5000               ; 5000               ;
; Iteration limit for non-constant Verilog loops                                  ; 250                ; 250                ;
; Add Pass-Through Logic to Inferred RAMs                                         ; On                 ; On                 ;
; Infer RAMs from Raw Logic                                                       ; On                 ; On                 ;
; Parallel Synthesis                                                              ; On                 ; On                 ;
; DSP Block Balancing                                                             ; Auto               ; Auto               ;
; NOT Gate Push-Back                                                              ; On                 ; On                 ;
; Power-Up Don't Care                                                             ; On                 ; On                 ;
; Remove Redundant Logic Cells                                                    ; Off                ; Off                ;
; Remove Duplicate Registers                                                      ; On                 ; On                 ;
; Ignore CARRY Buffers                                                            ; Off                ; Off                ;
; Ignore CASCADE Buffers                                                          ; Off                ; Off                ;
; Ignore GLOBAL Buffers                                                           ; Off                ; Off                ;
; Ignore ROW GLOBAL Buffers                                                       ; Off                ; Off                ;
; Ignore LCELL Buffers                                                            ; Off                ; Off                ;
; Ignore SOFT Buffers                                                             ; On                 ; On                 ;
; Limit AHDL Integers to 32 Bits                                                  ; Off                ; Off                ;
; Optimization Technique                                                          ; Balanced           ; Balanced           ;
; Carry Chain Length                                                              ; 70                 ; 70                 ;
; Auto Carry Chains                                                               ; On                 ; On                 ;
; Auto Open-Drain Pins                                                            ; On                 ; On                 ;
; Perform WYSIWYG Primitive Resynthesis                                           ; Off                ; Off                ;
; Auto ROM Replacement                                                            ; On                 ; On                 ;
; Auto RAM Replacement                                                            ; On                 ; On                 ;
; Auto DSP Block Replacement                                                      ; On                 ; On                 ;
; Auto Shift Register Replacement                                                 ; Auto               ; Auto               ;
; Allow Shift Register Merging across Hierarchies                                 ; Auto               ; Auto               ;
; Auto Clock Enable Replacement                                                   ; On                 ; On                 ;
; Strict RAM Replacement                                                          ; Off                ; Off                ;
; Allow Synchronous Control Signals                                               ; On                 ; On                 ;
; Force Use of Synchronous Clear Signals                                          ; Off                ; Off                ;
; Auto Resource Sharing                                                           ; Off                ; Off                ;
; Allow Any RAM Size For Recognition                                              ; Off                ; Off                ;
; Allow Any ROM Size For Recognition                                              ; Off                ; Off                ;
; Allow Any Shift Register Size For Recognition                                   ; Off                ; Off                ;
; Use LogicLock Constraints during Resource Balancing                             ; On                 ; On                 ;
; Ignore translate_off and synthesis_off directives                               ; Off                ; Off                ;
; Timing-Driven Synthesis                                                         ; On                 ; On                 ;
; Report Parameter Settings                                                       ; On                 ; On                 ;
; Report Source Assignments                                                       ; On                 ; On                 ;
; Report Connectivity Checks                                                      ; On                 ; On                 ;
; Ignore Maximum Fan-Out Assignments                                              ; Off                ; Off                ;
; Synchronization Register Chain Length                                           ; 3                  ; 3                  ;
; Power Optimization During Synthesis                                             ; Normal compilation ; Normal compilation ;
; HDL message level                                                               ; Level2             ; Level2             ;
; Suppress Register Optimization Related Messages                                 ; Off                ; Off                ;
; Number of Removed Registers Reported in Synthesis Report                        ; 5000               ; 5000               ;
; Number of Swept Nodes Reported in Synthesis Report                              ; 5000               ; 5000               ;
; Number of Inverted Registers Reported in Synthesis Report                       ; 100                ; 100                ;
; Clock MUX Protection                                                            ; On                 ; On                 ;
; Auto Gated Clock Conversion                                                     ; Off                ; Off                ;
; Block Design Naming                                                             ; Auto               ; Auto               ;
; SDC constraint protection                                                       ; Off                ; Off                ;
; Synthesis Effort                                                                ; Auto               ; Auto               ;
; Shift Register Replacement - Allow Asynchronous Clear Signal                    ; On                 ; On                 ;
; Pre-Mapping Resynthesis Optimization                                            ; Off                ; Off                ;
; Analysis & Synthesis Message Level                                              ; Medium             ; Medium             ;
; Disable Register Merging Across Hierarchies                                     ; Auto               ; Auto               ;
; Resource Aware Inference For Block RAM                                          ; On                 ; On                 ;
; Automatic Parallel Synthesis                                                    ; On                 ; On                 ;
; Partial Reconfiguration Bitstream ID                                            ; Off                ; Off                ;
+---------------------------------------------------------------------------------+--------------------+--------------------+


+------------------------------------------+
; Parallel Compilation                     ;
+----------------------------+-------------+
; Processors                 ; Number      ;
+----------------------------+-------------+
; Number detected on machine ; 8           ;
; Maximum allowed            ; 4           ;
;                            ;             ;
; Average used               ; 1.00        ;
; Maximum used               ; 1           ;
;                            ;             ;
; Usage by Processor         ; % Time Used ;
;     Processor 1            ; 100.0%      ;
+----------------------------+-------------+


+---------------------------------------------------------------------------------------------------------------------------------------------------------------------------------------+
; Analysis & Synthesis Source Files Read                                                                                                                                                ;
+----------------------------------+-----------------+-----------------+------------------------------------------------------------------------------------------------------+---------+
; File Name with User-Entered Path ; Used in Netlist ; File Type       ; File Name with Absolute Path                                                                         ; Library ;
+----------------------------------+-----------------+-----------------+------------------------------------------------------------------------------------------------------+---------+
; bit_serial_encoder.vhd           ; yes             ; User VHDL File  ; C:/Users/larav/Desktop/Universidade/4ano/AAD/Hadamard_codes/bitserial_encoder/bit_serial_encoder.vhd ;         ;
; storeDev.vhd                     ; yes             ; User VHDL File  ; C:/Users/larav/Desktop/Universidade/4ano/AAD/Hadamard_codes/bitserial_encoder/storeDev.vhd           ;         ;
; simpleLogic.vhd                  ; yes             ; User VHDL File  ; C:/Users/larav/Desktop/Universidade/4ano/AAD/Hadamard_codes/bitserial_encoder/simpleLogic.vhd        ;         ;
+----------------------------------+-----------------+-----------------+------------------------------------------------------------------------------------------------------+---------+


+-----------------------------------------------------+
; Analysis & Synthesis Resource Usage Summary         ;
+---------------------------------------------+-------+
; Resource                                    ; Usage ;
+---------------------------------------------+-------+
; Estimate of Logic utilization (ALMs needed) ; 0     ;
;                                             ;       ;
; Combinational ALUT usage for logic          ; 0     ;
;     -- 7 input functions                    ; 0     ;
;     -- 6 input functions                    ; 0     ;
;     -- 5 input functions                    ; 0     ;
;     -- 4 input functions                    ; 0     ;
;     -- <=3 input functions                  ; 0     ;
;                                             ;       ;
; Dedicated logic registers                   ; 0     ;
;                                             ;       ;
; I/O pins                                    ; 4     ;
;                                             ;       ;
; Total DSP Blocks                            ; 0     ;
;                                             ;       ;
; Maximum fan-out node                        ; nGRst ;
; Maximum fan-out                             ; 1     ;
; Total fan-out                               ; 4     ;
; Average fan-out                             ; 0.50  ;
+---------------------------------------------+-------+


+-----------------------------------------------------------------------------------------------------------------------------------------------------------------------------------------------+
; Analysis & Synthesis Resource Utilization by Entity                                                                                                                                           ;
+----------------------------+---------------------+---------------------------+-------------------+------------+------+--------------+---------------------+--------------------+--------------+
; Compilation Hierarchy Node ; Combinational ALUTs ; Dedicated Logic Registers ; Block Memory Bits ; DSP Blocks ; Pins ; Virtual Pins ; Full Hierarchy Name ; Entity Name        ; Library Name ;
+----------------------------+---------------------+---------------------------+-------------------+------------+------+--------------+---------------------+--------------------+--------------+
; |bit_serial_encoder        ; 0 (0)               ; 0 (0)                     ; 0                 ; 0          ; 4    ; 0            ; |bit_serial_encoder ; bit_serial_encoder ; work         ;
+----------------------------+---------------------+---------------------------+-------------------+------------+------+--------------+---------------------+--------------------+--------------+
Note: For table entries with two numbers listed, the numbers in parentheses indicate the number of resources of the given type used by the specific entity alone. The numbers listed outside of parentheses indicate the total resources of the given type used by the specific entity and all of its sub-entities in the hierarchy.


+------------------------------------------------------+
; General Register Statistics                          ;
+----------------------------------------------+-------+
; Statistic                                    ; Value ;
+----------------------------------------------+-------+
; Total registers                              ; 0     ;
; Number of registers using Synchronous Clear  ; 0     ;
; Number of registers using Synchronous Load   ; 0     ;
; Number of registers using Asynchronous Clear ; 0     ;
; Number of registers using Asynchronous Load  ; 0     ;
; Number of registers using Clock Enable       ; 0     ;
; Number of registers using Preset             ; 0     ;
+----------------------------------------------+-------+


+----------------------------------------------------------------------------------------------------------------+
; Port Connectivity Checks: "binCounter_3bit:bincount|flipFlopDPET:ff2"                                          ;
+------+--------+----------+-------------------------------------------------------------------------------------+
; Port ; Type   ; Severity ; Details                                                                             ;
+------+--------+----------+-------------------------------------------------------------------------------------+
; nset ; Input  ; Info     ; Stuck at VCC                                                                        ;
; nq   ; Output ; Info     ; Connected to dangling logic. Logic that only feeds a dangling port will be removed. ;
+------+--------+----------+-------------------------------------------------------------------------------------+


+----------------------------------------------------------------------------------------------------------------+
; Port Connectivity Checks: "binCounter_3bit:bincount|flipFlopDPET:ff1"                                          ;
+------+--------+----------+-------------------------------------------------------------------------------------+
; Port ; Type   ; Severity ; Details                                                                             ;
+------+--------+----------+-------------------------------------------------------------------------------------+
; nset ; Input  ; Info     ; Stuck at VCC                                                                        ;
; nq   ; Output ; Info     ; Connected to dangling logic. Logic that only feeds a dangling port will be removed. ;
+------+--------+----------+-------------------------------------------------------------------------------------+


+-----------------------------------------------------------------------+
; Port Connectivity Checks: "binCounter_3bit:bincount|flipFlopDPET:ff0" ;
+------+-------+----------+---------------------------------------------+
; Port ; Type  ; Severity ; Details                                     ;
+------+-------+----------+---------------------------------------------+
; nset ; Input ; Info     ; Stuck at VCC                                ;
+------+-------+----------+---------------------------------------------+


+----------------------------------------------------------------------------------------------------------------+
; Port Connectivity Checks: "parReg_8bit:reg_par|flipFlopDPET:ff7"                                               ;
+------+--------+----------+-------------------------------------------------------------------------------------+
; Port ; Type   ; Severity ; Details                                                                             ;
+------+--------+----------+-------------------------------------------------------------------------------------+
; nrst ; Input  ; Info     ; Stuck at VCC                                                                        ;
; nq   ; Output ; Info     ; Connected to dangling logic. Logic that only feeds a dangling port will be removed. ;
+------+--------+----------+-------------------------------------------------------------------------------------+


+----------------------------------------------------------------------------------------------------------------+
; Port Connectivity Checks: "parReg_8bit:reg_par|flipFlopDPET:ff6"                                               ;
+------+--------+----------+-------------------------------------------------------------------------------------+
; Port ; Type   ; Severity ; Details                                                                             ;
+------+--------+----------+-------------------------------------------------------------------------------------+
; nrst ; Input  ; Info     ; Stuck at VCC                                                                        ;
; nq   ; Output ; Info     ; Connected to dangling logic. Logic that only feeds a dangling port will be removed. ;
+------+--------+----------+-------------------------------------------------------------------------------------+


+----------------------------------------------------------------------------------------------------------------+
; Port Connectivity Checks: "parReg_8bit:reg_par|flipFlopDPET:ff5"                                               ;
+------+--------+----------+-------------------------------------------------------------------------------------+
; Port ; Type   ; Severity ; Details                                                                             ;
+------+--------+----------+-------------------------------------------------------------------------------------+
; nrst ; Input  ; Info     ; Stuck at VCC                                                                        ;
; nq   ; Output ; Info     ; Connected to dangling logic. Logic that only feeds a dangling port will be removed. ;
+------+--------+----------+-------------------------------------------------------------------------------------+


+----------------------------------------------------------------------------------------------------------------+
; Port Connectivity Checks: "parReg_8bit:reg_par|flipFlopDPET:ff4"                                               ;
+------+--------+----------+-------------------------------------------------------------------------------------+
; Port ; Type   ; Severity ; Details                                                                             ;
+------+--------+----------+-------------------------------------------------------------------------------------+
; nrst ; Input  ; Info     ; Stuck at VCC                                                                        ;
; nq   ; Output ; Info     ; Connected to dangling logic. Logic that only feeds a dangling port will be removed. ;
+------+--------+----------+-------------------------------------------------------------------------------------+


+----------------------------------------------------------------------------------------------------------------+
; Port Connectivity Checks: "parReg_8bit:reg_par|flipFlopDPET:ff3"                                               ;
+------+--------+----------+-------------------------------------------------------------------------------------+
; Port ; Type   ; Severity ; Details                                                                             ;
+------+--------+----------+-------------------------------------------------------------------------------------+
; nrst ; Input  ; Info     ; Stuck at VCC                                                                        ;
; nq   ; Output ; Info     ; Connected to dangling logic. Logic that only feeds a dangling port will be removed. ;
+------+--------+----------+-------------------------------------------------------------------------------------+


+----------------------------------------------------------------------------------------------------------------+
; Port Connectivity Checks: "parReg_8bit:reg_par|flipFlopDPET:ff2"                                               ;
+------+--------+----------+-------------------------------------------------------------------------------------+
; Port ; Type   ; Severity ; Details                                                                             ;
+------+--------+----------+-------------------------------------------------------------------------------------+
; nrst ; Input  ; Info     ; Stuck at VCC                                                                        ;
; nq   ; Output ; Info     ; Connected to dangling logic. Logic that only feeds a dangling port will be removed. ;
+------+--------+----------+-------------------------------------------------------------------------------------+


+----------------------------------------------------------------------------------------------------------------+
; Port Connectivity Checks: "parReg_8bit:reg_par|flipFlopDPET:ff1"                                               ;
+------+--------+----------+-------------------------------------------------------------------------------------+
; Port ; Type   ; Severity ; Details                                                                             ;
+------+--------+----------+-------------------------------------------------------------------------------------+
; nrst ; Input  ; Info     ; Stuck at VCC                                                                        ;
; nq   ; Output ; Info     ; Connected to dangling logic. Logic that only feeds a dangling port will be removed. ;
+------+--------+----------+-------------------------------------------------------------------------------------+


+----------------------------------------------------------------------------------------------------------------+
; Port Connectivity Checks: "parReg_8bit:reg_par|flipFlopDPET:ff0"                                               ;
+------+--------+----------+-------------------------------------------------------------------------------------+
; Port ; Type   ; Severity ; Details                                                                             ;
+------+--------+----------+-------------------------------------------------------------------------------------+
; nrst ; Input  ; Info     ; Stuck at VCC                                                                        ;
; nq   ; Output ; Info     ; Connected to dangling logic. Logic that only feeds a dangling port will be removed. ;
+------+--------+----------+-------------------------------------------------------------------------------------+


+----------------------------------------------------------------------------------------------------------------+
; Port Connectivity Checks: "parReg_8bit:reg_par"                                                                ;
+------+--------+----------+-------------------------------------------------------------------------------------+
; Port ; Type   ; Severity ; Details                                                                             ;
+------+--------+----------+-------------------------------------------------------------------------------------+
; q    ; Output ; Info     ; Connected to dangling logic. Logic that only feeds a dangling port will be removed. ;
+------+--------+----------+-------------------------------------------------------------------------------------+


+----------------------------------------------------------------------------------------------------------------+
; Port Connectivity Checks: "flipFlopDPET:reg7"                                                                  ;
+------+--------+----------+-------------------------------------------------------------------------------------+
; Port ; Type   ; Severity ; Details                                                                             ;
+------+--------+----------+-------------------------------------------------------------------------------------+
; nq   ; Output ; Info     ; Connected to dangling logic. Logic that only feeds a dangling port will be removed. ;
+------+--------+----------+-------------------------------------------------------------------------------------+


+----------------------------------------------------------------------------------------------------------------+
; Port Connectivity Checks: "flipFlopDPET:reg6"                                                                  ;
+------+--------+----------+-------------------------------------------------------------------------------------+
; Port ; Type   ; Severity ; Details                                                                             ;
+------+--------+----------+-------------------------------------------------------------------------------------+
; nq   ; Output ; Info     ; Connected to dangling logic. Logic that only feeds a dangling port will be removed. ;
+------+--------+----------+-------------------------------------------------------------------------------------+


+----------------------------------------------------------------------------------------------------------------+
; Port Connectivity Checks: "flipFlopDPET:reg5"                                                                  ;
+------+--------+----------+-------------------------------------------------------------------------------------+
; Port ; Type   ; Severity ; Details                                                                             ;
+------+--------+----------+-------------------------------------------------------------------------------------+
; nq   ; Output ; Info     ; Connected to dangling logic. Logic that only feeds a dangling port will be removed. ;
+------+--------+----------+-------------------------------------------------------------------------------------+


+----------------------------------------------------------------------------------------------------------------+
; Port Connectivity Checks: "flipFlopDPET:reg4"                                                                  ;
+------+--------+----------+-------------------------------------------------------------------------------------+
; Port ; Type   ; Severity ; Details                                                                             ;
+------+--------+----------+-------------------------------------------------------------------------------------+
; nq   ; Output ; Info     ; Connected to dangling logic. Logic that only feeds a dangling port will be removed. ;
+------+--------+----------+-------------------------------------------------------------------------------------+


+----------------------------------------------------------------------------------------------------------------+
; Port Connectivity Checks: "flipFlopDPET:reg3"                                                                  ;
+------+--------+----------+-------------------------------------------------------------------------------------+
; Port ; Type   ; Severity ; Details                                                                             ;
+------+--------+----------+-------------------------------------------------------------------------------------+
; nq   ; Output ; Info     ; Connected to dangling logic. Logic that only feeds a dangling port will be removed. ;
+------+--------+----------+-------------------------------------------------------------------------------------+


+----------------------------------------------------------------------------------------------------------------+
; Port Connectivity Checks: "flipFlopDPET:reg2"                                                                  ;
+------+--------+----------+-------------------------------------------------------------------------------------+
; Port ; Type   ; Severity ; Details                                                                             ;
+------+--------+----------+-------------------------------------------------------------------------------------+
; nq   ; Output ; Info     ; Connected to dangling logic. Logic that only feeds a dangling port will be removed. ;
+------+--------+----------+-------------------------------------------------------------------------------------+


+----------------------------------------------------------------------------------------------------------------+
; Port Connectivity Checks: "flipFlopDPET:reg1"                                                                  ;
+------+--------+----------+-------------------------------------------------------------------------------------+
; Port ; Type   ; Severity ; Details                                                                             ;
+------+--------+----------+-------------------------------------------------------------------------------------+
; nq   ; Output ; Info     ; Connected to dangling logic. Logic that only feeds a dangling port will be removed. ;
+------+--------+----------+-------------------------------------------------------------------------------------+


+----------------------------------------------------------------------------------------------------------------+
; Port Connectivity Checks: "flipFlopDPET:reg0"                                                                  ;
+------+--------+----------+-------------------------------------------------------------------------------------+
; Port ; Type   ; Severity ; Details                                                                             ;
+------+--------+----------+-------------------------------------------------------------------------------------+
; nq   ; Output ; Info     ; Connected to dangling logic. Logic that only feeds a dangling port will be removed. ;
+------+--------+----------+-------------------------------------------------------------------------------------+


+----------------------------------------------------------------------------------------------------------------+
; Port Connectivity Checks: "flipFlopDPET:ff"                                                                    ;
+------+--------+----------+-------------------------------------------------------------------------------------+
; Port ; Type   ; Severity ; Details                                                                             ;
+------+--------+----------+-------------------------------------------------------------------------------------+
; nq   ; Output ; Info     ; Connected to dangling logic. Logic that only feeds a dangling port will be removed. ;
+------+--------+----------+-------------------------------------------------------------------------------------+


+-----------------------------------------------------+
; Post-Synthesis Netlist Statistics for Top Partition ;
+-----------------------+-----------------------------+
; Type                  ; Count                       ;
+-----------------------+-----------------------------+
; arriav_lcell_comb     ; 1                           ;
;     normal            ; 1                           ;
;         0 data inputs ; 1                           ;
; boundary_port         ; 4                           ;
;                       ;                             ;
; Max LUT depth         ; 0.00                        ;
; Average LUT depth     ; 0.00                        ;
+-----------------------+-----------------------------+


+-------------------------------+
; Elapsed Time Per Partition    ;
+----------------+--------------+
; Partition Name ; Elapsed Time ;
+----------------+--------------+
; Top            ; 00:00:00     ;
+----------------+--------------+


+-------------------------------+
; Analysis & Synthesis Messages ;
+-------------------------------+
Info: *******************************************************************
Info: Running Quartus Prime Analysis & Synthesis
    Info: Version 20.1.1 Build 720 11/11/2020 SJ Lite Edition
    Info: Processing started: Sat Nov 12 11:28:37 2022
Info: Command: quartus_map --read_settings_files=on --write_settings_files=off bit_serial_encoder -c bit_serial_encoder
Warning (18236): Number of processors has not been specified which may cause overloading on shared machines.  Set the global assignment NUM_PARALLEL_PROCESSORS in your QSF to an appropriate value for best performance.
Info (20030): Parallel compilation is enabled and will use 4 of the 4 processors detected
Info (12021): Found 4 design units, including 2 entities, in source file bit_serial_encoder.vhd
    Info (12022): Found design unit 1: rom-behavioral File: C:/Users/larav/Desktop/Universidade/4ano/AAD/Hadamard_codes/bitserial_encoder/bit_serial_encoder.vhd Line: 44
    Info (12022): Found design unit 2: bit_serial_encoder-structure File: C:/Users/larav/Desktop/Universidade/4ano/AAD/Hadamard_codes/bitserial_encoder/bit_serial_encoder.vhd Line: 58
    Info (12023): Found entity 1: bit_serial_encoder File: C:/Users/larav/Desktop/Universidade/4ano/AAD/Hadamard_codes/bitserial_encoder/bit_serial_encoder.vhd Line: 16
    Info (12023): Found entity 2: rom File: C:/Users/larav/Desktop/Universidade/4ano/AAD/Hadamard_codes/bitserial_encoder/bit_serial_encoder.vhd Line: 39
Info (12021): Found 12 design units, including 6 entities, in source file storedev.vhd
    Info (12022): Found design unit 1: flipFlopDPET-behavior File: C:/Users/larav/Desktop/Universidade/4ano/AAD/Hadamard_codes/bitserial_encoder/storeDev.vhd Line: 10
    Info (12022): Found design unit 2: binCounter_3bit-structure File: C:/Users/larav/Desktop/Universidade/4ano/AAD/Hadamard_codes/bitserial_encoder/storeDev.vhd Line: 40
    Info (12022): Found design unit 3: binCounter_6bit-structure File: C:/Users/larav/Desktop/Universidade/4ano/AAD/Hadamard_codes/bitserial_encoder/storeDev.vhd Line: 82
    Info (12022): Found design unit 4: parReg_5bit-structure File: C:/Users/larav/Desktop/Universidade/4ano/AAD/Hadamard_codes/bitserial_encoder/storeDev.vhd Line: 134
    Info (12022): Found design unit 5: parReg_6bit-structure File: C:/Users/larav/Desktop/Universidade/4ano/AAD/Hadamard_codes/bitserial_encoder/storeDev.vhd Line: 158
    Info (12022): Found design unit 6: parReg_8bit-structure File: C:/Users/larav/Desktop/Universidade/4ano/AAD/Hadamard_codes/bitserial_encoder/storeDev.vhd Line: 183
    Info (12023): Found entity 1: flipFlopDPET File: C:/Users/larav/Desktop/Universidade/4ano/AAD/Hadamard_codes/bitserial_encoder/storeDev.vhd Line: 4
    Info (12023): Found entity 2: binCounter_3bit File: C:/Users/larav/Desktop/Universidade/4ano/AAD/Hadamard_codes/bitserial_encoder/storeDev.vhd Line: 34
    Info (12023): Found entity 3: binCounter_6bit File: C:/Users/larav/Desktop/Universidade/4ano/AAD/Hadamard_codes/bitserial_encoder/storeDev.vhd Line: 76
    Info (12023): Found entity 4: parReg_5bit File: C:/Users/larav/Desktop/Universidade/4ano/AAD/Hadamard_codes/bitserial_encoder/storeDev.vhd Line: 127
    Info (12023): Found entity 5: parReg_6bit File: C:/Users/larav/Desktop/Universidade/4ano/AAD/Hadamard_codes/bitserial_encoder/storeDev.vhd Line: 151
    Info (12023): Found entity 6: parReg_8bit File: C:/Users/larav/Desktop/Universidade/4ano/AAD/Hadamard_codes/bitserial_encoder/storeDev.vhd Line: 176
Info (12021): Found 8 design units, including 4 entities, in source file simplelogic.vhd
    Info (12022): Found design unit 1: gateAnd2-logicFunction File: C:/Users/larav/Desktop/Universidade/4ano/AAD/Hadamard_codes/bitserial_encoder/simpleLogic.vhd Line: 9
    Info (12022): Found design unit 2: gateNand2-logicFunction File: C:/Users/larav/Desktop/Universidade/4ano/AAD/Hadamard_codes/bitserial_encoder/simpleLogic.vhd Line: 22
    Info (12022): Found design unit 3: gateNor2-logicFunction File: C:/Users/larav/Desktop/Universidade/4ano/AAD/Hadamard_codes/bitserial_encoder/simpleLogic.vhd Line: 35
    Info (12022): Found design unit 4: gateXor2-logicFunction File: C:/Users/larav/Desktop/Universidade/4ano/AAD/Hadamard_codes/bitserial_encoder/simpleLogic.vhd Line: 48
    Info (12023): Found entity 1: gateAnd2 File: C:/Users/larav/Desktop/Universidade/4ano/AAD/Hadamard_codes/bitserial_encoder/simpleLogic.vhd Line: 4
    Info (12023): Found entity 2: gateNand2 File: C:/Users/larav/Desktop/Universidade/4ano/AAD/Hadamard_codes/bitserial_encoder/simpleLogic.vhd Line: 17
    Info (12023): Found entity 3: gateNor2 File: C:/Users/larav/Desktop/Universidade/4ano/AAD/Hadamard_codes/bitserial_encoder/simpleLogic.vhd Line: 30
    Info (12023): Found entity 4: gateXor2 File: C:/Users/larav/Desktop/Universidade/4ano/AAD/Hadamard_codes/bitserial_encoder/simpleLogic.vhd Line: 43
Info (12021): Found 4 design units, including 2 entities, in source file control.vhd
    Info (12022): Found design unit 1: contMem-behavior File: C:/Users/larav/Desktop/Universidade/4ano/AAD/Hadamard_codes/bitserial_encoder/control.vhd Line: 11
    Info (12022): Found design unit 2: control-structure File: C:/Users/larav/Desktop/Universidade/4ano/AAD/Hadamard_codes/bitserial_encoder/control.vhd Line: 101
    Info (12023): Found entity 1: contMem File: C:/Users/larav/Desktop/Universidade/4ano/AAD/Hadamard_codes/bitserial_encoder/control.vhd Line: 6
    Info (12023): Found entity 2: control File: C:/Users/larav/Desktop/Universidade/4ano/AAD/Hadamard_codes/bitserial_encoder/control.vhd Line: 92
Info (12127): Elaborating entity "bit_serial_encoder" for the top level hierarchy
Warning (10541): VHDL Signal Declaration warning at bit_serial_encoder.vhd(20): used implicit default value for signal "x" because signal was never assigned a value or an explicit default value. Use of implicit default value may introduce unintended design optimizations. File: C:/Users/larav/Desktop/Universidade/4ano/AAD/Hadamard_codes/bitserial_encoder/bit_serial_encoder.vhd Line: 20
Warning (10541): VHDL Signal Declaration warning at bit_serial_encoder.vhd(61): used implicit default value for signal "s_clk" because signal was never assigned a value or an explicit default value. Use of implicit default value may introduce unintended design optimizations. File: C:/Users/larav/Desktop/Universidade/4ano/AAD/Hadamard_codes/bitserial_encoder/bit_serial_encoder.vhd Line: 61
Warning (10541): VHDL Signal Declaration warning at bit_serial_encoder.vhd(62): used implicit default value for signal "s_mIn" because signal was never assigned a value or an explicit default value. Use of implicit default value may introduce unintended design optimizations. File: C:/Users/larav/Desktop/Universidade/4ano/AAD/Hadamard_codes/bitserial_encoder/bit_serial_encoder.vhd Line: 62
Warning (10036): Verilog HDL or VHDL warning at bit_serial_encoder.vhd(70): object "s_regParOut" assigned a value but never read File: C:/Users/larav/Desktop/Universidade/4ano/AAD/Hadamard_codes/bitserial_encoder/bit_serial_encoder.vhd Line: 70
Warning (10631): VHDL Process Statement warning at bit_serial_encoder.vhd(178): inferring latch(es) for signal or variable "s_romIn", which holds its previous value in one or more paths through the process File: C:/Users/larav/Desktop/Universidade/4ano/AAD/Hadamard_codes/bitserial_encoder/bit_serial_encoder.vhd Line: 178
Info (10041): Inferred latch for "s_romIn[0]" at bit_serial_encoder.vhd(178) File: C:/Users/larav/Desktop/Universidade/4ano/AAD/Hadamard_codes/bitserial_encoder/bit_serial_encoder.vhd Line: 178
Info (10041): Inferred latch for "s_romIn[1]" at bit_serial_encoder.vhd(178) File: C:/Users/larav/Desktop/Universidade/4ano/AAD/Hadamard_codes/bitserial_encoder/bit_serial_encoder.vhd Line: 178
Info (12128): Elaborating entity "rom" for hierarchy "rom:k_rom" File: C:/Users/larav/Desktop/Universidade/4ano/AAD/Hadamard_codes/bitserial_encoder/bit_serial_encoder.vhd Line: 122
Info (12128): Elaborating entity "flipFlopDPET" for hierarchy "flipFlopDPET:ff" File: C:/Users/larav/Desktop/Universidade/4ano/AAD/Hadamard_codes/bitserial_encoder/bit_serial_encoder.vhd Line: 133
Info (12128): Elaborating entity "gateAnd2" for hierarchy "gateAnd2:and0" File: C:/Users/larav/Desktop/Universidade/4ano/AAD/Hadamard_codes/bitserial_encoder/bit_serial_encoder.vhd Line: 135
Info (12128): Elaborating entity "gateXor2" for hierarchy "gateXor2:xor0" File: C:/Users/larav/Desktop/Universidade/4ano/AAD/Hadamard_codes/bitserial_encoder/bit_serial_encoder.vhd Line: 153
Info (12128): Elaborating entity "parReg_8bit" for hierarchy "parReg_8bit:reg_par" File: C:/Users/larav/Desktop/Universidade/4ano/AAD/Hadamard_codes/bitserial_encoder/bit_serial_encoder.vhd Line: 174
Info (12128): Elaborating entity "binCounter_3bit" for hierarchy "binCounter_3bit:bincount" File: C:/Users/larav/Desktop/Universidade/4ano/AAD/Hadamard_codes/bitserial_encoder/bit_serial_encoder.vhd Line: 176
Warning (13024): Output pins are stuck at VCC or GND
    Warning (13410): Pin "x" is stuck at GND File: C:/Users/larav/Desktop/Universidade/4ano/AAD/Hadamard_codes/bitserial_encoder/bit_serial_encoder.vhd Line: 20
Info (16010): Generating hard_block partition "hard_block:auto_generated_inst"
    Info (16011): Adding 0 node(s), including 0 DDIO, 0 PLL, 0 transceiver and 0 LCELL
Warning (21074): Design contains 3 input pin(s) that do not drive logic
    Warning (15610): No output dependent on input pin "nGRst" File: C:/Users/larav/Desktop/Universidade/4ano/AAD/Hadamard_codes/bitserial_encoder/bit_serial_encoder.vhd Line: 17
    Warning (15610): No output dependent on input pin "clk" File: C:/Users/larav/Desktop/Universidade/4ano/AAD/Hadamard_codes/bitserial_encoder/bit_serial_encoder.vhd Line: 18
    Warning (15610): No output dependent on input pin "mIn" File: C:/Users/larav/Desktop/Universidade/4ano/AAD/Hadamard_codes/bitserial_encoder/bit_serial_encoder.vhd Line: 19
Info (21057): Implemented 4 device resources after synthesis - the final resource count might be different
    Info (21058): Implemented 3 input pins
    Info (21059): Implemented 1 output pins
Info: Quartus Prime Analysis & Synthesis was successful. 0 errors, 12 warnings
    Info: Peak virtual memory: 4852 megabytes
    Info: Processing ended: Sat Nov 12 11:28:47 2022
    Info: Elapsed time: 00:00:10
    Info: Total CPU time (on all processors): 00:00:22


